<?xml version="1.0" encoding="UTF-8"?>
<!-- Generated by org.testng.reporters.JUnitXMLReporter -->
<testsuite hostname="Sachin-Sharma" ignored="3" name="Surefire test" tests="1" failures="0" timestamp="22 Feb 2022 17:07:27 GMT" time="32.603" errors="0">
  <testcase name="verifyLoginTest" time="19.007" classname="com.qa.trcrm.tests.LoginPageTest"/>
  <testcase name="verifySignUpLinkTest" time="0.0" classname="com.qa.trcrm.tests.LoginPageTest">
    <ignored/>
  </testcase> <!-- verifySignUpLinkTest -->
  <testcase name="login_InvalidTestCases" time="0.0" classname="com.qa.trcrm.tests.LoginPageTest">
    <ignored/>
  </testcase> <!-- login_InvalidTestCases -->
  <testcase name="verifyLoginPageTitleTest" time="0.0" classname="com.qa.trcrm.tests.LoginPageTest">
    <ignored/>
  </testcase> <!-- verifyLoginPageTitleTest -->
</testsuite> <!-- Surefire test -->
