<?xml version="1.0" encoding="UTF-8"?>
<!-- Generated by org.testng.reporters.JUnitXMLReporter -->
<testsuite hostname="Sachin-Sharma" ignored="3" name="Default test" tests="1" failures="0" timestamp="22 Feb 2022 14:50:36 GMT" time="14.196" errors="0">
  <testcase name="verifySignUpLinkTest" time="0.213" classname="com.qa.trcrm.tests.LoginPageTest"/>
  <testcase name="login_InvalidTestCases" time="0.0" classname="com.qa.trcrm.tests.LoginPageTest">
    <ignored/>
  </testcase> <!-- login_InvalidTestCases -->
  <testcase name="verifyLoginPageTitleTest" time="0.0" classname="com.qa.trcrm.tests.LoginPageTest">
    <ignored/>
  </testcase> <!-- verifyLoginPageTitleTest -->
  <testcase name="verifyLoginTest" time="0.0" classname="com.qa.trcrm.tests.LoginPageTest">
    <ignored/>
  </testcase> <!-- verifyLoginTest -->
</testsuite> <!-- Default test -->
