<?xml version="1.0" encoding="UTF-8"?>
<testng-results skipped="0" failed="0" ignored="3" total="4" passed="1">
  <reporter-output>
  </reporter-output>
  <suite name="Surefire suite" duration-ms="32603" started-at="2022-02-22T17:06:55Z" finished-at="2022-02-22T17:07:27Z">
    <groups>
    </groups>
    <test name="Surefire test" duration-ms="32603" started-at="2022-02-22T17:06:55Z" finished-at="2022-02-22T17:07:27Z">
      <class name="com.qa.trcrm.tests.LoginPageTest">
        <test-method status="PASS" signature="setUp()[pri:0, instance:com.qa.trcrm.tests.LoginPageTest@6df97b55]" name="setUp" is-config="true" duration-ms="12492" started-at="2022-02-22T17:06:55Z" finished-at="2022-02-22T17:07:07Z">
          <reporter-output>
          </reporter-output>
        </test-method> <!-- setUp -->
        <test-method status="PASS" signature="verifyLoginTest()[pri:3, instance:com.qa.trcrm.tests.LoginPageTest@6df97b55]" name="verifyLoginTest" duration-ms="19007" started-at="2022-02-22T17:07:07Z" finished-at="2022-02-22T17:07:26Z">
          <reporter-output>
          </reporter-output>
        </test-method> <!-- verifyLoginTest -->
        <test-method status="PASS" signature="tearDown()[pri:0, instance:com.qa.trcrm.tests.LoginPageTest@6df97b55]" name="tearDown" is-config="true" duration-ms="1019" started-at="2022-02-22T17:07:26Z" finished-at="2022-02-22T17:07:27Z">
          <reporter-output>
          </reporter-output>
        </test-method> <!-- tearDown -->
      </class> <!-- com.qa.trcrm.tests.LoginPageTest -->
    </test> <!-- Surefire test -->
  </suite> <!-- Surefire suite -->
</testng-results>
