<?xml version="1.0" encoding="UTF-8"?>
<!-- Generated by org.testng.reporters.JUnitXMLReporter -->
<testsuite hostname="Sachin-Sharma" ignored="0" name="Default test" tests="6" failures="0" timestamp="21 Feb 2022 18:28:42 GMT" time="43.294" errors="0">
  <testcase name="verifyHomePageHeaderTest" time="0.083" classname="com.qa.trcrm.tests.HomePageTest"/>
  <testcase name="verifyHomePageTitle" time="0.013" classname="com.qa.trcrm.tests.HomePageTest"/>
  <testcase name="verifyLoggedInUserTest" time="0.025" classname="com.qa.trcrm.tests.HomePageTest"/>
  <testcase name="verifyLoginPageTitleTest" time="0.008" classname="com.qa.trcrm.tests.LoginPageTest"/>
  <testcase name="verifySignUpLinkTest" time="0.222" classname="com.qa.trcrm.tests.LoginPageTest"/>
  <testcase name="verifyLoginTest" time="7.156" classname="com.qa.trcrm.tests.LoginPageTest"/>
</testsuite> <!-- Default test -->
