<?xml version="1.0" encoding="UTF-8"?>
<!-- Generated by org.testng.reporters.JUnitXMLReporter -->
<testsuite hostname="Sachin-Sharma" ignored="1" name="trcrm Test" tests="3" failures="0" timestamp="22 Feb 2022 17:22:30 GMT" time="25.599" errors="0">
  <testcase name="verifyLoginPageTitleTest" time="0.156" classname="com.qa.trcrm.tests.LoginPageTest"/>
  <testcase name="verifySignUpLinkTest" time="0.158" classname="com.qa.trcrm.tests.LoginPageTest"/>
  <testcase name="verifyLoginTest" time="12.446" classname="com.qa.trcrm.tests.LoginPageTest"/>
  <testcase name="login_InvalidTestCases" time="0.0" classname="com.qa.trcrm.tests.LoginPageTest">
    <ignored/>
  </testcase> <!-- login_InvalidTestCases -->
</testsuite> <!-- trcrm Test -->
